<?xml version="1.0" encoding="UTF-8"?>
<!-- Generated by org.testng.reporters.JUnitReportReporter -->
<testsuite skipped="0" hostname="DESKTOP-J5JHA8E" name="org.planitdemowebshop.scripts.Demowebshoplogintest" tests="1" failures="0" timestamp="2021-01-17T22:25:41 IST" time="43.125" errors="0">
  <testcase name="Planitshoploginclick" time="43.125" classname="org.planitdemowebshop.scripts.Demowebshoplogintest"/>
</testsuite> <!-- org.planitdemowebshop.scripts.Demowebshoplogintest -->
